        -:    0:Source:dominion.c
        -:    0:Graph:dominion.gcno
        -:    0:Data:dominion.gcda
        -:    0:Runs:8
        -:    0:Programs:8
        -:    1:#include "dominion.h"
        -:    2:#include "dominion_helpers.h"
        -:    3:#include "rngs.h"
        -:    4:#include <stdio.h>
        -:    5:#include <math.h>
        -:    6:#include <stdlib.h>
        -:    7:
function compare called 649 returned 100% blocks executed 100%
      649:    8:int compare(const void* a, const void* b) {
      649:    9:  if (*(int*)a > *(int*)b)
branch  0 taken 1% (fallthrough)
branch  1 taken 99%
        7:   10:    return 1;
      642:   11:  if (*(int*)a < *(int*)b)
branch  0 taken 27% (fallthrough)
branch  1 taken 73%
      171:   12:    return -1;
      471:   13:  return 0;
        -:   14:}
        -:   15:
function newGame called 0 returned 0% blocks executed 0%
    #####:   16:struct gameState* newGame() {
    #####:   17:  struct gameState* g = malloc(sizeof(struct gameState));
    #####:   18:  return g;
        -:   19:}
        -:   20:
function kingdomCards called 0 returned 0% blocks executed 0%
    #####:   21:int* kingdomCards(int k1, int k2, int k3, int k4, int k5, int k6, int k7,
        -:   22:		  int k8, int k9, int k10) {
    #####:   23:  int* k = malloc(10 * sizeof(int));
    #####:   24:  k[0] = k1;
    #####:   25:  k[1] = k2;
    #####:   26:  k[2] = k3;
    #####:   27:  k[3] = k4;
    #####:   28:  k[4] = k5;
    #####:   29:  k[5] = k6;
    #####:   30:  k[6] = k7;
    #####:   31:  k[7] = k8;
    #####:   32:  k[8] = k9;
    #####:   33:  k[9] = k10;
    #####:   34:  return k;
        -:   35:}
        -:   36:
function initializeGame called 21 returned 100% blocks executed 88%
       21:   37:int initializeGame(int numPlayers, int kingdomCards[10], int randomSeed,
        -:   38:		   struct gameState *state) {
        -:   39:
        -:   40:  int i;
        -:   41:  int j;
        -:   42:  int it;			
        -:   43:  //set up random number generator
       21:   44:  SelectStream(1);
call    0 returned 100%
       21:   45:  PutSeed((long)randomSeed);
call    0 returned 100%
        -:   46:  
        -:   47:  //check number of players
       21:   48:  if (numPlayers > MAX_PLAYERS || numPlayers < 2)
branch  0 taken 100% (fallthrough)
branch  1 taken 0%
branch  2 taken 0% (fallthrough)
branch  3 taken 100%
        -:   49:    {
    #####:   50:      return -1;
        -:   51:    }
        -:   52:
        -:   53:  //set number of players
       21:   54:  state->numPlayers = numPlayers;
        -:   55:
        -:   56:  //check selected kingdom cards are different
      231:   57:  for (i = 0; i < 10; i++)
branch  0 taken 91%
branch  1 taken 9% (fallthrough)
        -:   58:    {
     2310:   59:      for (j = 0; j < 10; j++)
branch  0 taken 91%
branch  1 taken 9% (fallthrough)
        -:   60:        {
     2100:   61:	  if (j != i && kingdomCards[j] == kingdomCards[i])
branch  0 taken 90% (fallthrough)
branch  1 taken 10%
branch  2 taken 0% (fallthrough)
branch  3 taken 100%
        -:   62:	    {
    #####:   63:	      return -1;
        -:   64:	    }
        -:   65:        }
        -:   66:    }
        -:   67:
        -:   68:
        -:   69:  //initialize supply
        -:   70:  ///////////////////////////////
        -:   71:
        -:   72:  //set number of Curse cards
       21:   73:  if (numPlayers == 2)
branch  0 taken 100% (fallthrough)
branch  1 taken 0%
        -:   74:    {
       21:   75:      state->supplyCount[curse] = 10;
        -:   76:    }
    #####:   77:  else if (numPlayers == 3)
branch  0 never executed
branch  1 never executed
        -:   78:    {
    #####:   79:      state->supplyCount[curse] = 20;
        -:   80:    }
        -:   81:  else
        -:   82:    {
    #####:   83:      state->supplyCount[curse] = 30;
        -:   84:    }
        -:   85:
        -:   86:  //set number of Victory cards
       21:   87:  if (numPlayers == 2)
branch  0 taken 100% (fallthrough)
branch  1 taken 0%
        -:   88:    {
       21:   89:      state->supplyCount[estate] = 8;
       21:   90:      state->supplyCount[duchy] = 8;
       21:   91:      state->supplyCount[province] = 8;
        -:   92:    }
        -:   93:  else
        -:   94:    {
    #####:   95:      state->supplyCount[estate] = 12;
    #####:   96:      state->supplyCount[duchy] = 12;
    #####:   97:      state->supplyCount[province] = 12;
        -:   98:    }
        -:   99:
        -:  100:  //set number of Treasure cards
       21:  101:  state->supplyCount[copper] = 60 - (7 * numPlayers);
       21:  102:  state->supplyCount[silver] = 40;
       21:  103:  state->supplyCount[gold] = 30;
        -:  104:
        -:  105:  //set number of Kingdom cards
      441:  106:  for (i = adventurer; i <= treasure_map; i++)       	//loop all cards
branch  0 taken 95%
branch  1 taken 5% (fallthrough)
        -:  107:    {
     3465:  108:      for (j = 0; j < 10; j++)           		//loop chosen cards
branch  0 taken 94%
branch  1 taken 6% (fallthrough)
        -:  109:	{
     3255:  110:	  if (kingdomCards[j] == i)
branch  0 taken 6% (fallthrough)
branch  1 taken 94%
        -:  111:	    {
        -:  112:	      //check if card is a 'Victory' Kingdom card
      210:  113:	      if (kingdomCards[j] == great_hall || kingdomCards[j] == gardens)
branch  0 taken 90% (fallthrough)
branch  1 taken 10%
branch  2 taken 11% (fallthrough)
branch  3 taken 89%
        -:  114:		{
       84:  115:		  if (numPlayers == 2){ 
branch  0 taken 100% (fallthrough)
branch  1 taken 0%
       42:  116:		    state->supplyCount[i] = 8; 
        -:  117:		  }
    #####:  118:		  else{ state->supplyCount[i] = 12; }
        -:  119:		}
        -:  120:	      else
        -:  121:		{
      168:  122:		  state->supplyCount[i] = 10;
        -:  123:		}
      210:  124:	      break;
        -:  125:	    }
        -:  126:	  else    //card is not in the set choosen for the game
        -:  127:	    {
     3045:  128:	      state->supplyCount[i] = -1;
        -:  129:	    }
        -:  130:	}
        -:  131:
        -:  132:    }
        -:  133:
        -:  134:  ////////////////////////
        -:  135:  //supply intilization complete
        -:  136:
        -:  137:  //set player decks
       63:  138:  for (i = 0; i < numPlayers; i++)
branch  0 taken 67%
branch  1 taken 33% (fallthrough)
        -:  139:    {
       42:  140:      state->deckCount[i] = 0;
      168:  141:      for (j = 0; j < 3; j++)
branch  0 taken 75%
branch  1 taken 25% (fallthrough)
        -:  142:	{
      126:  143:	  state->deck[i][j] = estate;
      126:  144:	  state->deckCount[i]++;
        -:  145:	}
      336:  146:      for (j = 3; j < 10; j++)
branch  0 taken 88%
branch  1 taken 13% (fallthrough)
        -:  147:	{
      294:  148:	  state->deck[i][j] = copper;
      294:  149:	  state->deckCount[i]++;		
        -:  150:	}
        -:  151:    }
        -:  152:
        -:  153:  //shuffle player decks
       63:  154:  for (i = 0; i < numPlayers; i++)
branch  0 taken 67%
branch  1 taken 33% (fallthrough)
        -:  155:    {
       42:  156:      if ( shuffle(i, state) < 0 )
call    0 returned 100%
branch  1 taken 0% (fallthrough)
branch  2 taken 100%
        -:  157:	{
    #####:  158:	  return -1;
        -:  159:	}
        -:  160:    }
        -:  161:
        -:  162:  //draw player hands
       63:  163:  for (i = 0; i < numPlayers; i++)
branch  0 taken 67%
branch  1 taken 33% (fallthrough)
        -:  164:    {  
        -:  165:      //initialize hand size to zero
       42:  166:      state->handCount[i] = 0;
       42:  167:      state->discardCount[i] = 0;
        -:  168:      //draw 5 cards
        -:  169:      // for (j = 0; j < 5; j++)
        -:  170:      //	{
        -:  171:      //	  drawCard(i, state);
        -:  172:      //	}
        -:  173:    }
        -:  174:  
        -:  175:  //set embargo tokens to 0 for all supply piles
      588:  176:  for (i = 0; i <= treasure_map; i++)
branch  0 taken 96%
branch  1 taken 4% (fallthrough)
        -:  177:    {
      567:  178:      state->embargoTokens[i] = 0;
        -:  179:    }
        -:  180:
        -:  181:  //initialize first player's turn
       21:  182:  state->outpostPlayed = 0;
       21:  183:  state->phase = 0;
       21:  184:  state->numActions = 1;
       21:  185:  state->numBuys = 1;
       21:  186:  state->playedCardCount = 0;
       21:  187:  state->whoseTurn = 0;
       21:  188:  state->handCount[state->whoseTurn] = 0;
        -:  189:  //int it; move to top
        -:  190:
        -:  191:  //Moved draw cards to here, only drawing at the start of a turn
      126:  192:  for (it = 0; it < 5; it++){
branch  0 taken 83%
branch  1 taken 17% (fallthrough)
      105:  193:    drawCard(state->whoseTurn, state);
call    0 returned 100%
        -:  194:  }
        -:  195:
       21:  196:  updateCoins(state->whoseTurn, state, 0);
call    0 returned 100%
        -:  197:
       21:  198:  return 0;
        -:  199:}
        -:  200:
function shuffle called 44 returned 100% blocks executed 100%
       44:  201:int shuffle(int player, struct gameState *state) {
        -:  202: 
        -:  203:
        -:  204:  int newDeck[MAX_DECK];
       44:  205:  int newDeckPos = 0;
        -:  206:  int card;
        -:  207:  int i;
        -:  208:
       44:  209:  if (state->deckCount[player] < 1)
branch  0 taken 2% (fallthrough)
branch  1 taken 98%
        1:  210:    return -1;
       43:  211:  qsort ((void*)(state->deck[player]), state->deckCount[player], sizeof(int), compare); 
call    0 returned 100%
        -:  212:  /* SORT CARDS IN DECK TO ENSURE DETERMINISM! */
        -:  213:
      515:  214:  while (state->deckCount[player] > 0) {
branch  0 taken 91%
branch  1 taken 9% (fallthrough)
      429:  215:    card = floor(Random() * state->deckCount[player]);
call    0 returned 100%
      429:  216:    newDeck[newDeckPos] = state->deck[player][card];
      429:  217:    newDeckPos++;
     1500:  218:    for (i = card; i < state->deckCount[player]-1; i++) {
branch  0 taken 71%
branch  1 taken 29% (fallthrough)
     1071:  219:      state->deck[player][i] = state->deck[player][i+1];
        -:  220:    }
      429:  221:    state->deckCount[player]--;
        -:  222:  }
      472:  223:  for (i = 0; i < newDeckPos; i++) {
branch  0 taken 91%
branch  1 taken 9% (fallthrough)
      429:  224:    state->deck[player][i] = newDeck[i];
      429:  225:    state->deckCount[player]++;
        -:  226:  }
        -:  227:
       43:  228:  return 0;
        -:  229:}
        -:  230:
function playCard called 0 returned 0% blocks executed 0%
    #####:  231:int playCard(int handPos, int choice1, int choice2, int choice3, struct gameState *state) 
        -:  232:{	
        -:  233:  int card;
    #####:  234:  int coin_bonus = 0; 		//tracks coins gain from actions
        -:  235:
        -:  236:  //check if it is the right phase
    #####:  237:  if (state->phase != 0)
branch  0 never executed
branch  1 never executed
        -:  238:    {
    #####:  239:      return -1;
        -:  240:    }
        -:  241:	
        -:  242:  //check if player has enough actions
    #####:  243:  if ( state->numActions < 1 )
branch  0 never executed
branch  1 never executed
        -:  244:    {
    #####:  245:      return -1;
        -:  246:    }
        -:  247:	
        -:  248:  //get card played
    #####:  249:  card = handCard(handPos, state);
call    0 never executed
        -:  250:	
        -:  251:  //check if selected card is an action
    #####:  252:  if ( card < adventurer || card > treasure_map )
branch  0 never executed
branch  1 never executed
branch  2 never executed
branch  3 never executed
        -:  253:    {
    #####:  254:      return -1;
        -:  255:    }
        -:  256:	
        -:  257:  //play card
    #####:  258:  if ( cardEffect(card, choice1, choice2, choice3, state, handPos, &coin_bonus) < 0 )
call    0 never executed
branch  1 never executed
branch  2 never executed
        -:  259:    {
    #####:  260:      return -1;
        -:  261:    }
        -:  262:	
        -:  263:  //reduce number of actions
    #####:  264:  state->numActions--;
        -:  265:
        -:  266:  //update coins (Treasure cards may be added with card draws)
    #####:  267:  updateCoins(state->whoseTurn, state, coin_bonus);
call    0 never executed
        -:  268:	
    #####:  269:  return 0;
        -:  270:}
        -:  271:
function buyCard called 0 returned 0% blocks executed 0%
    #####:  272:int buyCard(int supplyPos, struct gameState *state) {
        -:  273:  int who;
        -:  274:  if (DEBUG){
        -:  275:    printf("Entering buyCard...\n");
        -:  276:  }
        -:  277:
        -:  278:  // I don't know what to do about the phase thing.
        -:  279:
    #####:  280:  who = state->whoseTurn;
        -:  281:
    #####:  282:  if (state->numBuys < 1){
branch  0 never executed
branch  1 never executed
        -:  283:    if (DEBUG)
        -:  284:      printf("You do not have any buys left\n");
    #####:  285:    return -1;
    #####:  286:  } else if (supplyCount(supplyPos, state) <1){
call    0 never executed
branch  1 never executed
branch  2 never executed
        -:  287:    if (DEBUG)
        -:  288:      printf("There are not any of that type of card left\n");
    #####:  289:    return -1;
    #####:  290:  } else if (state->coins < getCost(supplyPos)){
call    0 never executed
branch  1 never executed
branch  2 never executed
        -:  291:    if (DEBUG) 
        -:  292:      printf("You do not have enough money to buy that. You have %d coins.\n", state->coins);
    #####:  293:    return -1;
        -:  294:  } else {
    #####:  295:    state->phase=1;
        -:  296:    //state->supplyCount[supplyPos]--;
    #####:  297:    gainCard(supplyPos, state, 0, who); //card goes in discard, this might be wrong.. (2 means goes into hand, 0 goes into discard)
call    0 never executed
        -:  298:  
    #####:  299:    state->coins = (state->coins) - (getCost(supplyPos));
call    0 never executed
    #####:  300:    state->numBuys--;
        -:  301:    if (DEBUG)
        -:  302:      printf("You bought card number %d for %d coins. You now have %d buys and %d coins.\n", supplyPos, getCost(supplyPos), state->numBuys, state->coins);
        -:  303:  }
        -:  304:
        -:  305:  //state->discard[who][state->discardCount[who]] = supplyPos;
        -:  306:  //state->discardCount[who]++;
        -:  307:    
    #####:  308:  return 0;
        -:  309:}
        -:  310:
function numHandCards called 0 returned 0% blocks executed 0%
    #####:  311:int numHandCards(struct gameState *state) {
    #####:  312:  return state->handCount[ whoseTurn(state) ];
call    0 never executed
        -:  313:}
        -:  314:
function handCard called 0 returned 0% blocks executed 0%
    #####:  315:int handCard(int handPos, struct gameState *state) {
    #####:  316:  int currentPlayer = whoseTurn(state);
call    0 never executed
    #####:  317:  return state->hand[currentPlayer][handPos];
        -:  318:}
        -:  319:
function supplyCount called 6 returned 100% blocks executed 100%
        6:  320:int supplyCount(int card, struct gameState *state) {
        6:  321:  return state->supplyCount[card];
        -:  322:}
        -:  323:
function fullDeckCount called 3 returned 100% blocks executed 82%
        3:  324:int fullDeckCount(int player, int card, struct gameState *state) {
        -:  325:  int i;
        3:  326:  int count = 0;
        -:  327:
        3:  328:  for (i = 0; i < state->deckCount[player]; i++)
branch  0 taken 0%
branch  1 taken 100% (fallthrough)
        -:  329:    {
    #####:  330:      if (state->deck[player][i] == card) count++;
branch  0 never executed
branch  1 never executed
        -:  331:    }
        -:  332:
       19:  333:  for (i = 0; i < state->handCount[player]; i++)
branch  0 taken 84%
branch  1 taken 16% (fallthrough)
        -:  334:    {
       16:  335:      if (state->hand[player][i] == card) count++;
branch  0 taken 13% (fallthrough)
branch  1 taken 88%
        -:  336:    }
        -:  337:
        9:  338:  for (i = 0; i < state->discardCount[player]; i++)
branch  0 taken 67%
branch  1 taken 33% (fallthrough)
        -:  339:    {
        6:  340:      if (state->discard[player][i] == card) count++;
branch  0 taken 17% (fallthrough)
branch  1 taken 83%
        -:  341:    }
        -:  342:
        3:  343:  return count;
        -:  344:}
        -:  345:
function whoseTurn called 6 returned 100% blocks executed 100%
        6:  346:int whoseTurn(struct gameState *state) {
        6:  347:  return state->whoseTurn;
        -:  348:}
        -:  349:
function endTurn called 0 returned 0% blocks executed 0%
    #####:  350:int endTurn(struct gameState *state) {
        -:  351:  int k;
        -:  352:  int i;
    #####:  353:  int currentPlayer = whoseTurn(state);
call    0 never executed
        -:  354:  
        -:  355:  //Discard hand
    #####:  356:  for (i = 0; i < state->handCount[currentPlayer]; i++){
branch  0 never executed
branch  1 never executed
    #####:  357:    state->discard[currentPlayer][state->discardCount[currentPlayer]++] = state->hand[currentPlayer][i];//Discard
    #####:  358:    state->hand[currentPlayer][i] = -1;//Set card to -1
        -:  359:  }
    #####:  360:  state->handCount[currentPlayer] = 0;//Reset hand count
        -:  361:    
        -:  362:  //Code for determining the player
    #####:  363:  if (currentPlayer < (state->numPlayers - 1)){ 
branch  0 never executed
branch  1 never executed
    #####:  364:    state->whoseTurn = currentPlayer + 1;//Still safe to increment
        -:  365:  }
        -:  366:  else{
    #####:  367:    state->whoseTurn = 0;//Max player has been reached, loop back around to player 1
        -:  368:  }
        -:  369:
    #####:  370:  state->outpostPlayed = 0;
    #####:  371:  state->phase = 0;
    #####:  372:  state->numActions = 1;
    #####:  373:  state->coins = 0;
    #####:  374:  state->numBuys = 1;
    #####:  375:  state->playedCardCount = 0;
    #####:  376:  state->handCount[state->whoseTurn] = 0;
        -:  377:
        -:  378:  //int k; move to top
        -:  379:  //Next player draws hand
    #####:  380:  for (k = 0; k < 5; k++){
branch  0 never executed
branch  1 never executed
    #####:  381:    drawCard(state->whoseTurn, state);//Draw a card
call    0 never executed
        -:  382:  }
        -:  383:
        -:  384:  //Update money
    #####:  385:  updateCoins(state->whoseTurn, state , 0);
call    0 never executed
        -:  386:
    #####:  387:  return 0;
        -:  388:}
        -:  389:
function isGameOver called 5 returned 100% blocks executed 100%
        5:  390:int isGameOver(struct gameState *state) {
        -:  391:  int i;
        -:  392:  int j;
        -:  393:	
        -:  394:  //if stack of Province cards is empty, the game ends
        5:  395:  if (state->supplyCount[province] == 0)
branch  0 taken 20% (fallthrough)
branch  1 taken 80%
        -:  396:    {
        1:  397:      return 1;
        -:  398:    }
        -:  399:
        -:  400:  //if three supply pile are at 0, the game ends
        4:  401:  j = 0;
      104:  402:  for (i = 0; i < 25; i++)
branch  0 taken 96%
branch  1 taken 4% (fallthrough)
        -:  403:    {
      100:  404:      if (state->supplyCount[i] == 0)
branch  0 taken 6% (fallthrough)
branch  1 taken 94%
        -:  405:	{
        6:  406:	  j++;
        -:  407:	}
        -:  408:    }
        4:  409:  if ( j >= 3)
branch  0 taken 25% (fallthrough)
branch  1 taken 75%
        -:  410:    {
        1:  411:      return 1;
        -:  412:    }
        -:  413:
        3:  414:  return 0;
        -:  415:}
        -:  416:
function scoreFor called 5 returned 100% blocks executed 88%
        5:  417:int scoreFor (int player, struct gameState *state) {
        -:  418:
        -:  419:  int i;
        5:  420:  int score = 0;
        -:  421:  //score from hand
       22:  422:  for (i = 0; i < state->handCount[player]; i++)
branch  0 taken 77%
branch  1 taken 23% (fallthrough)
        -:  423:    {
       17:  424:      if (state->hand[player][i] == curse) { score = score - 1; };
branch  0 taken 12% (fallthrough)
branch  1 taken 88%
       17:  425:      if (state->hand[player][i] == estate) { score = score + 1; };
branch  0 taken 41% (fallthrough)
branch  1 taken 59%
       17:  426:      if (state->hand[player][i] == duchy) { score = score + 3; };
branch  0 taken 12% (fallthrough)
branch  1 taken 88%
       17:  427:      if (state->hand[player][i] == province) { score = score + 6; };
branch  0 taken 12% (fallthrough)
branch  1 taken 88%
       17:  428:      if (state->hand[player][i] == great_hall) { score = score + 1; };
branch  0 taken 12% (fallthrough)
branch  1 taken 88%
       17:  429:      if (state->hand[player][i] == gardens) { score = score + ( fullDeckCount(player, 0, state) / 10 ); };
branch  0 taken 12% (fallthrough)
branch  1 taken 88%
call    2 returned 100%
        -:  430:    }
        -:  431:
        -:  432:  //score from discard
       12:  433:  for (i = 0; i < state->discardCount[player]; i++)
branch  0 taken 58%
branch  1 taken 42% (fallthrough)
        -:  434:    {
        7:  435:      if (state->discard[player][i] == curse) { score = score - 1; };
branch  0 taken 14% (fallthrough)
branch  1 taken 86%
        7:  436:      if (state->discard[player][i] == estate) { score = score + 1; };
branch  0 taken 29% (fallthrough)
branch  1 taken 71%
        7:  437:      if (state->discard[player][i] == duchy) { score = score + 3; };
branch  0 taken 14% (fallthrough)
branch  1 taken 86%
        7:  438:      if (state->discard[player][i] == province) { score = score + 6; };
branch  0 taken 14% (fallthrough)
branch  1 taken 86%
        7:  439:      if (state->discard[player][i] == great_hall) { score = score + 1; };
branch  0 taken 14% (fallthrough)
branch  1 taken 86%
        7:  440:      if (state->discard[player][i] == gardens) { score = score + ( fullDeckCount(player, 0, state) / 10 ); };
branch  0 taken 14% (fallthrough)
branch  1 taken 86%
call    2 returned 100%
        -:  441:    }
        -:  442:
        -:  443:  //score from deck
       12:  444:  for (i = 0; i < state->discardCount[player]; i++)
branch  0 taken 58%
branch  1 taken 42% (fallthrough)
        -:  445:    {
        7:  446:      if (state->deck[player][i] == curse) { score = score - 1; };
branch  0 taken 0% (fallthrough)
branch  1 taken 100%
        7:  447:      if (state->deck[player][i] == estate) { score = score + 1; };
branch  0 taken 14% (fallthrough)
branch  1 taken 86%
        7:  448:      if (state->deck[player][i] == duchy) { score = score + 3; };
branch  0 taken 0% (fallthrough)
branch  1 taken 100%
        7:  449:      if (state->deck[player][i] == province) { score = score + 6; };
branch  0 taken 0% (fallthrough)
branch  1 taken 100%
        7:  450:      if (state->deck[player][i] == great_hall) { score = score + 1; };
branch  0 taken 0% (fallthrough)
branch  1 taken 100%
        7:  451:      if (state->deck[player][i] == gardens) { score = score + ( fullDeckCount(player, 0, state) / 10 ); };
branch  0 taken 0% (fallthrough)
branch  1 taken 100%
call    2 never executed
        -:  452:    }
        -:  453:
        5:  454:  return score;
        -:  455:}
        -:  456:
function getWinners called 0 returned 0% blocks executed 0%
    #####:  457:int getWinners(int players[MAX_PLAYERS], struct gameState *state) {
        -:  458:  int i;	
        -:  459:  int j;
        -:  460:  int highScore;
        -:  461:  int currentPlayer;
        -:  462:
        -:  463:  //get score for each player
    #####:  464:  for (i = 0; i < MAX_PLAYERS; i++)
branch  0 never executed
branch  1 never executed
        -:  465:    {
        -:  466:      //set unused player scores to -9999
    #####:  467:      if (i >= state->numPlayers)
branch  0 never executed
branch  1 never executed
        -:  468:	{
    #####:  469:	  players[i] = -9999;
        -:  470:	}
        -:  471:      else
        -:  472:	{
    #####:  473:	  players[i] = scoreFor (i, state);
call    0 never executed
        -:  474:	}
        -:  475:    }
        -:  476:
        -:  477:  //find highest score
    #####:  478:  j = 0;
    #####:  479:  for (i = 0; i < MAX_PLAYERS; i++)
branch  0 never executed
branch  1 never executed
        -:  480:    {
    #####:  481:      if (players[i] > players[j])
branch  0 never executed
branch  1 never executed
        -:  482:	{
    #####:  483:	  j = i;
        -:  484:	}
        -:  485:    }
    #####:  486:  highScore = players[j];
        -:  487:
        -:  488:  //add 1 to players who had less turns
    #####:  489:  currentPlayer = whoseTurn(state);
call    0 never executed
    #####:  490:  for (i = 0; i < MAX_PLAYERS; i++)
branch  0 never executed
branch  1 never executed
        -:  491:    {
    #####:  492:      if ( players[i] == highScore && i > currentPlayer )
branch  0 never executed
branch  1 never executed
branch  2 never executed
branch  3 never executed
        -:  493:	{
    #####:  494:	  players[i]++;
        -:  495:	}
        -:  496:    }
        -:  497:
        -:  498:  //find new highest score
    #####:  499:  j = 0;
    #####:  500:  for (i = 0; i < MAX_PLAYERS; i++)
branch  0 never executed
branch  1 never executed
        -:  501:    {
    #####:  502:      if ( players[i] > players[j] )
branch  0 never executed
branch  1 never executed
        -:  503:	{
    #####:  504:	  j = i;
        -:  505:	}
        -:  506:    }
    #####:  507:  highScore = players[j];
        -:  508:
        -:  509:  //set winners in array to 1 and rest to 0
    #####:  510:  for (i = 0; i < MAX_PLAYERS; i++)
branch  0 never executed
branch  1 never executed
        -:  511:    {
    #####:  512:      if ( players[i] == highScore )
branch  0 never executed
branch  1 never executed
        -:  513:	{
    #####:  514:	  players[i] = 1;
        -:  515:	}
        -:  516:      else
        -:  517:	{
    #####:  518:	  players[i] = 0;
        -:  519:	}
        -:  520:    }
        -:  521:
    #####:  522:  return 0;
        -:  523:}
        -:  524:
function drawCard called 118 returned 100% blocks executed 92%
      118:  525:int drawCard(int player, struct gameState *state)
        -:  526:{	int count;
        -:  527:  int deckCounter;
      118:  528:  if (state->deckCount[player] <= 0){//Deck is empty
branch  0 taken 1% (fallthrough)
branch  1 taken 99%
        -:  529:    
        -:  530:    //Step 1 Shuffle the discard pile back into a deck
        -:  531:    int i;
        -:  532:    //Move discard to deck
       10:  533:    for (i = 0; i < state->discardCount[player];i++){
branch  0 taken 90%
branch  1 taken 10% (fallthrough)
        9:  534:      state->deck[player][i] = state->discard[player][i];
        9:  535:      state->discard[player][i] = -1;
        -:  536:    }
        -:  537:
        1:  538:    state->deckCount[player] = state->discardCount[player];
        1:  539:    state->discardCount[player] = 0;//Reset discard
        -:  540:
        -:  541:    //Shufffle the deck
        1:  542:    shuffle(player, state);//Shuffle the deck up and make it so that we can draw
call    0 returned 100%
        -:  543:   
        -:  544:    if (DEBUG){//Debug statements
        -:  545:      printf("Deck count now: %d\n", state->deckCount[player]);
        -:  546:    }
        -:  547:    
        1:  548:    state->discardCount[player] = 0;
        -:  549:
        -:  550:    //Step 2 Draw Card
        1:  551:    count = state->handCount[player];//Get current player's hand count
        -:  552:    
        -:  553:    if (DEBUG){//Debug statements
        -:  554:      printf("Current hand count: %d\n", count);
        -:  555:    }
        -:  556:    
        1:  557:    deckCounter = state->deckCount[player];//Create a holder for the deck count
        -:  558:
        1:  559:    if (deckCounter == 0)
branch  0 taken 0% (fallthrough)
branch  1 taken 100%
    #####:  560:      return -1;
        -:  561:
        1:  562:    state->hand[player][count] = state->deck[player][deckCounter - 1];//Add card to hand
        1:  563:    state->deckCount[player]--;
        1:  564:    state->handCount[player]++;//Increment hand count
        -:  565:  }
        -:  566:
        -:  567:  else{
      117:  568:    int count = state->handCount[player];//Get current hand count for player
        -:  569:    int deckCounter;
        -:  570:    if (DEBUG){//Debug statements
        -:  571:      printf("Current hand count: %d\n", count);
        -:  572:    }
        -:  573:
      117:  574:    deckCounter = state->deckCount[player];//Create holder for the deck count
      117:  575:    state->hand[player][count] = state->deck[player][deckCounter - 1];//Add card to the hand
      117:  576:    state->deckCount[player]--;
      117:  577:    state->handCount[player]++;//Increment hand count
        -:  578:  }
        -:  579:
      118:  580:  return 0;
        -:  581:}
        -:  582:
function getCost called 0 returned 0% blocks executed 0%
    #####:  583:int getCost(int cardNumber)
        -:  584:{
    #####:  585:  switch( cardNumber ) 
branch  0 never executed
branch  1 never executed
branch  2 never executed
branch  3 never executed
branch  4 never executed
branch  5 never executed
branch  6 never executed
branch  7 never executed
branch  8 never executed
branch  9 never executed
branch 10 never executed
branch 11 never executed
branch 12 never executed
branch 13 never executed
branch 14 never executed
branch 15 never executed
branch 16 never executed
branch 17 never executed
branch 18 never executed
branch 19 never executed
branch 20 never executed
branch 21 never executed
branch 22 never executed
branch 23 never executed
branch 24 never executed
branch 25 never executed
branch 26 never executed
branch 27 never executed
        -:  586:    {
        -:  587:    case curse:
    #####:  588:      return 0;
        -:  589:    case estate:
    #####:  590:      return 2;
        -:  591:    case duchy:
    #####:  592:      return 5;
        -:  593:    case province:
    #####:  594:      return 8;
        -:  595:    case copper:
    #####:  596:      return 0;
        -:  597:    case silver:
    #####:  598:      return 3;
        -:  599:    case gold:
    #####:  600:      return 6;
        -:  601:    case adventurer:
    #####:  602:      return 6;
        -:  603:    case council_room:
    #####:  604:      return 5;
        -:  605:    case feast:
    #####:  606:      return 4;
        -:  607:    case gardens:
    #####:  608:      return 4;
        -:  609:    case mine:
    #####:  610:      return 5;
        -:  611:    case remodel:
    #####:  612:      return 4;
        -:  613:    case smithy:
    #####:  614:      return 4;
        -:  615:    case village:
    #####:  616:      return 3;
        -:  617:    case baron:
    #####:  618:      return 4;
        -:  619:    case great_hall:
    #####:  620:      return 3;
        -:  621:    case minion:
    #####:  622:      return 5;
        -:  623:    case steward:
    #####:  624:      return 3;
        -:  625:    case tribute:
    #####:  626:      return 5;
        -:  627:    case ambassador:
    #####:  628:      return 3;
        -:  629:    case cutpurse:
    #####:  630:      return 4;
        -:  631:    case embargo: 
    #####:  632:      return 2;
        -:  633:    case outpost:
    #####:  634:      return 5;
        -:  635:    case salvager:
    #####:  636:      return 4;
        -:  637:    case sea_hag:
    #####:  638:      return 4;
        -:  639:    case treasure_map:
    #####:  640:      return 4;
        -:  641:    }
        -:  642:	
    #####:  643:  return -1;
        -:  644:}
        -:  645:
function cardEffect called 0 returned 0% blocks executed 0%
    #####:  646:int cardEffect(int card, int choice1, int choice2, int choice3, struct gameState *state, int handPos, int *bonus)
        -:  647:{
        -:  648:  int i;
        -:  649:  int j;
        -:  650:  int k;
        -:  651:  int x;
        -:  652:  int index;
    #####:  653:  int currentPlayer = whoseTurn(state);
call    0 never executed
    #####:  654:  int nextPlayer = currentPlayer + 1;
        -:  655:
    #####:  656:  int tributeRevealedCards[2] = {-1, -1};
        -:  657:  int temphand[MAX_HAND];// moved above the if statement
    #####:  658:  if (nextPlayer > (state->numPlayers - 1)){
branch  0 never executed
branch  1 never executed
    #####:  659:    nextPlayer = 0;
        -:  660:  }
        -:  661:  
        -:  662:	
        -:  663:  //uses switch to select card and perform actions
    #####:  664:  switch( card ) 
branch  0 never executed
branch  1 never executed
branch  2 never executed
branch  3 never executed
branch  4 never executed
branch  5 never executed
branch  6 never executed
branch  7 never executed
branch  8 never executed
branch  9 never executed
branch 10 never executed
branch 11 never executed
branch 12 never executed
branch 13 never executed
branch 14 never executed
branch 15 never executed
branch 16 never executed
branch 17 never executed
branch 18 never executed
branch 19 never executed
branch 20 never executed
        -:  665:    {
        -:  666:    case adventurer:
    #####:  667:       return playAdventurerCard(state);
call    0 never executed
        -:  668:    case council_room:
        -:  669:      //+4 Cards
    #####:  670:      for (i = 0; i < 4; i++)
branch  0 never executed
branch  1 never executed
        -:  671:	{
    #####:  672:	  drawCard(currentPlayer, state);
call    0 never executed
        -:  673:	}
        -:  674:			
        -:  675:      //+1 Buy
    #####:  676:      state->numBuys++;
        -:  677:			
        -:  678:      //Each other player draws a card
    #####:  679:      for (i = 0; i < state->numPlayers; i++)
branch  0 never executed
branch  1 never executed
        -:  680:	{
    #####:  681:	  if ( i != currentPlayer )
branch  0 never executed
branch  1 never executed
        -:  682:	    {
    #####:  683:	      drawCard(i, state);
call    0 never executed
        -:  684:	    }
        -:  685:	}
        -:  686:			
        -:  687:      //put played card in played card pile
    #####:  688:      discardCard(handPos, currentPlayer, state, 0);
call    0 never executed
        -:  689:			
    #####:  690:      return 0;
        -:  691:			
        -:  692:    case feast:
        -:  693:      //gain card with cost up to 5
        -:  694:      //Backup hand
    #####:  695:      for (i = 0; i <= state->handCount[currentPlayer]; i++){
branch  0 never executed
branch  1 never executed
    #####:  696:	temphand[i] = state->hand[currentPlayer][i];//Backup card
    #####:  697:	state->hand[currentPlayer][i] = -1;//Set to nothing
        -:  698:      }
        -:  699:      //Backup hand
        -:  700:
        -:  701:      //Update Coins for Buy
    #####:  702:      updateCoins(currentPlayer, state, 5);
call    0 never executed
    #####:  703:      x = 1;//Condition to loop on
    #####:  704:      while( x == 1) {//Buy one card
branch  0 never executed
branch  1 never executed
    #####:  705:	if (supplyCount(choice1, state) <= 0){
call    0 never executed
branch  1 never executed
branch  2 never executed
        -:  706:	  if (DEBUG)
        -:  707:	    printf("None of that card left, sorry!\n");
        -:  708:
        -:  709:	  if (DEBUG){
        -:  710:	    printf("Cards Left: %d\n", supplyCount(choice1, state));
        -:  711:	  }
        -:  712:	}
    #####:  713:	else if (state->coins < getCost(choice1)){
call    0 never executed
branch  1 never executed
branch  2 never executed
    #####:  714:	  printf("That card is too expensive!\n");
call    0 never executed
        -:  715:
        -:  716:	  if (DEBUG){
        -:  717:	    printf("Coins: %d < %d\n", state->coins, getCost(choice1));
        -:  718:	  }
        -:  719:	}
        -:  720:	else{
        -:  721:
        -:  722:	  if (DEBUG){
        -:  723:	    printf("Deck Count: %d\n", state->handCount[currentPlayer] + state->deckCount[currentPlayer] + state->discardCount[currentPlayer]);
        -:  724:	  }
        -:  725:
    #####:  726:	  gainCard(choice1, state, 0, currentPlayer);//Gain the card
call    0 never executed
    #####:  727:	  x = 0;//No more buying cards
        -:  728:
        -:  729:	  if (DEBUG){
        -:  730:	    printf("Deck Count: %d\n", state->handCount[currentPlayer] + state->deckCount[currentPlayer] + state->discardCount[currentPlayer]);
        -:  731:	  }
        -:  732:
        -:  733:	}
        -:  734:      }     
        -:  735:
        -:  736:      //Reset Hand
    #####:  737:      for (i = 0; i <= state->handCount[currentPlayer]; i++){
branch  0 never executed
branch  1 never executed
    #####:  738:	state->hand[currentPlayer][i] = temphand[i];
    #####:  739:	temphand[i] = -1;
        -:  740:      }
        -:  741:      //Reset Hand
        -:  742:      			
    #####:  743:      return 0;
        -:  744:			
        -:  745:    case gardens:
    #####:  746:      return -1;
        -:  747:			
        -:  748:    case mine:
    #####:  749:      j = state->hand[currentPlayer][choice1];  //store card we will trash
        -:  750:
    #####:  751:      if (state->hand[currentPlayer][choice1] < copper || state->hand[currentPlayer][choice1] > gold)
branch  0 never executed
branch  1 never executed
branch  2 never executed
branch  3 never executed
        -:  752:	{
    #####:  753:	  return -1;
        -:  754:	}
        -:  755:		
    #####:  756:      if (choice2 > treasure_map || choice2 < curse)
branch  0 never executed
branch  1 never executed
branch  2 never executed
branch  3 never executed
        -:  757:	{
    #####:  758:	  return -1;
        -:  759:	}
        -:  760:
    #####:  761:      if ( (getCost(state->hand[currentPlayer][choice1]) + 3) > getCost(choice2) )
call    0 never executed
call    1 never executed
branch  2 never executed
branch  3 never executed
        -:  762:	{
    #####:  763:	  return -1;
        -:  764:	}
        -:  765:
    #####:  766:      gainCard(choice2, state, 2, currentPlayer);
call    0 never executed
        -:  767:
        -:  768:      //discard card from hand
    #####:  769:      discardCard(handPos, currentPlayer, state, 0);
call    0 never executed
        -:  770:
        -:  771:      //discard trashed card
    #####:  772:      for (i = 0; i < state->handCount[currentPlayer]; i++)
branch  0 never executed
branch  1 never executed
        -:  773:	{
    #####:  774:	  if (state->hand[currentPlayer][i] == j)
branch  0 never executed
branch  1 never executed
        -:  775:	    {
    #####:  776:	      discardCard(i, currentPlayer, state, 0);			
call    0 never executed
    #####:  777:	      break;
        -:  778:	    }
        -:  779:	}
        -:  780:			
    #####:  781:      return 0;
        -:  782:			
        -:  783:    case remodel:
    #####:  784:      j = state->hand[currentPlayer][choice1];  //store card we will trash
        -:  785:
    #####:  786:      if ( (getCost(state->hand[currentPlayer][choice1]) + 2) > getCost(choice2) )
call    0 never executed
call    1 never executed
branch  2 never executed
branch  3 never executed
        -:  787:	{
    #####:  788:	  return -1;
        -:  789:	}
        -:  790:
    #####:  791:      gainCard(choice2, state, 0, currentPlayer);
call    0 never executed
        -:  792:
        -:  793:      //discard card from hand
    #####:  794:      discardCard(handPos, currentPlayer, state, 0);
call    0 never executed
        -:  795:
        -:  796:      //discard trashed card
    #####:  797:      for (i = 0; i < state->handCount[currentPlayer]; i++)
branch  0 never executed
branch  1 never executed
        -:  798:	{
    #####:  799:	  if (state->hand[currentPlayer][i] == j)
branch  0 never executed
branch  1 never executed
        -:  800:	    {
    #####:  801:	      discardCard(i, currentPlayer, state, 0);			
call    0 never executed
    #####:  802:	      break;
        -:  803:	    }
        -:  804:	}
        -:  805:
        -:  806:
    #####:  807:      return 0;
        -:  808:		
        -:  809:    case smithy:
    #####:  810:       return playSmithyCard(state, handPos);
call    0 never executed
        -:  811:    case village:
        -:  812:      //+1 Card
    #####:  813:      drawCard(currentPlayer, state);
call    0 never executed
        -:  814:			
        -:  815:      //+2 Actions
    #####:  816:      state->numActions = state->numActions + 2;
        -:  817:			
        -:  818:      //discard played card from hand
    #####:  819:      discardCard(handPos, currentPlayer, state, 0);
call    0 never executed
    #####:  820:      return 0;
        -:  821:		
        -:  822:    case baron:
    #####:  823:      state->numBuys++;//Increase buys by 1!
    #####:  824:      if (choice1 > 0){//Boolean true or going to discard an estate
branch  0 never executed
branch  1 never executed
    #####:  825:	int p = 0;//Iterator for hand!
    #####:  826:	int card_not_discarded = 1;//Flag for discard set!
    #####:  827:	while(card_not_discarded){
branch  0 never executed
branch  1 never executed
    #####:  828:	  if (state->hand[currentPlayer][p] == estate){//Found an estate card!
branch  0 never executed
branch  1 never executed
    #####:  829:	    state->coins += 4;//Add 4 coins to the amount of coins
    #####:  830:	    state->discard[currentPlayer][state->discardCount[currentPlayer]] = state->hand[currentPlayer][p];
    #####:  831:	    state->discardCount[currentPlayer]++;
    #####:  832:	    for (;p < state->handCount[currentPlayer]; p++){
branch  0 never executed
branch  1 never executed
    #####:  833:	      state->hand[currentPlayer][p] = state->hand[currentPlayer][p+1];
        -:  834:	    }
    #####:  835:	    state->hand[currentPlayer][state->handCount[currentPlayer]] = -1;
    #####:  836:	    state->handCount[currentPlayer]--;
    #####:  837:	    card_not_discarded = 0;//Exit the loop
        -:  838:	  }
    #####:  839:	  else if (p > state->handCount[currentPlayer]){
branch  0 never executed
branch  1 never executed
        -:  840:	    if(DEBUG) {
        -:  841:	      printf("No estate cards in your hand, invalid choice\n");
        -:  842:	      printf("Must gain an estate if there are any\n");
        -:  843:	    }
    #####:  844:	    if (supplyCount(estate, state) > 0){
call    0 never executed
branch  1 never executed
branch  2 never executed
    #####:  845:	      gainCard(estate, state, 0, currentPlayer);
call    0 never executed
    #####:  846:	      state->supplyCount[estate]--;//Decrement estates
    #####:  847:	      if (supplyCount(estate, state) == 0){
call    0 never executed
branch  1 never executed
branch  2 never executed
    #####:  848:		isGameOver(state);
call    0 never executed
        -:  849:	      }
        -:  850:	    }
    #####:  851:	    card_not_discarded = 0;//Exit the loop
        -:  852:	  }
        -:  853:			    
        -:  854:	  else{
    #####:  855:	    p++;//Next card
        -:  856:	  }
        -:  857:	}
        -:  858:      }
        -:  859:			    
        -:  860:      else{
    #####:  861:	if (supplyCount(estate, state) > 0){
call    0 never executed
branch  1 never executed
branch  2 never executed
    #####:  862:	  gainCard(estate, state, 0, currentPlayer);//Gain an estate
call    0 never executed
    #####:  863:	  state->supplyCount[estate]--;//Decrement Estates
    #####:  864:	  if (supplyCount(estate, state) == 0){
call    0 never executed
branch  1 never executed
branch  2 never executed
    #####:  865:	    isGameOver(state);
call    0 never executed
        -:  866:	  }
        -:  867:	}
        -:  868:      }
        -:  869:	    
        -:  870:      
    #####:  871:      return 0;
        -:  872:		
        -:  873:    case great_hall:
        -:  874:      //+1 Card
    #####:  875:      drawCard(currentPlayer, state);
call    0 never executed
        -:  876:			
        -:  877:      //+1 Actions
    #####:  878:      state->numActions++;
        -:  879:			
        -:  880:      //discard card from hand
    #####:  881:      discardCard(handPos, currentPlayer, state, 0);
call    0 never executed
    #####:  882:      return 0;
        -:  883:		
        -:  884:    case minion:
    #####:  885:       return playMinionCard(state, handPos, choice1, choice2);
call    0 never executed
        -:  886:    case steward:
    #####:  887:      if (choice1 == 1)
branch  0 never executed
branch  1 never executed
        -:  888:	{
        -:  889:	  //+2 cards
    #####:  890:	  drawCard(currentPlayer, state);
call    0 never executed
    #####:  891:	  drawCard(currentPlayer, state);
call    0 never executed
        -:  892:	}
    #####:  893:      else if (choice1 == 2)
branch  0 never executed
branch  1 never executed
        -:  894:	{
        -:  895:	  //+2 coins
    #####:  896:	  state->coins = state->coins + 2;
        -:  897:	}
        -:  898:      else
        -:  899:	{
        -:  900:	  //trash 2 cards in hand
    #####:  901:	  discardCard(choice2, currentPlayer, state, 1);
call    0 never executed
    #####:  902:	  discardCard(choice3, currentPlayer, state, 1);
call    0 never executed
        -:  903:	}
        -:  904:			
        -:  905:      //discard card from hand
    #####:  906:      discardCard(handPos, currentPlayer, state, 0);
call    0 never executed
    #####:  907:      return 0;
        -:  908:		
        -:  909:    case tribute:
    #####:  910:      if ((state->discardCount[nextPlayer] + state->deckCount[nextPlayer]) <= 1){
branch  0 never executed
branch  1 never executed
    #####:  911:	if (state->deckCount[nextPlayer] > 0){
branch  0 never executed
branch  1 never executed
    #####:  912:	  tributeRevealedCards[0] = state->deck[nextPlayer][state->deckCount[nextPlayer]-1];
    #####:  913:	  state->deckCount[nextPlayer]--;
        -:  914:	}
    #####:  915:	else if (state->discardCount[nextPlayer] > 0){
branch  0 never executed
branch  1 never executed
    #####:  916:	  tributeRevealedCards[0] = state->discard[nextPlayer][state->discardCount[nextPlayer]-1];
    #####:  917:	  state->discardCount[nextPlayer]--;
        -:  918:	}
        -:  919:	else{
        -:  920:	  //No Card to Reveal
        -:  921:	  if (DEBUG){
        -:  922:	    printf("No cards to reveal\n");
        -:  923:	  }
        -:  924:	}
        -:  925:      }
        -:  926:	    
        -:  927:      else{
    #####:  928:	if (state->deckCount[nextPlayer] == 0){
branch  0 never executed
branch  1 never executed
    #####:  929:	  for (i = 0; i < state->discardCount[nextPlayer]; i++){
branch  0 never executed
branch  1 never executed
    #####:  930:	    state->deck[nextPlayer][i] = state->discard[nextPlayer][i];//Move to deck
    #####:  931:	    state->deckCount[nextPlayer]++;
    #####:  932:	    state->discard[nextPlayer][i] = -1;
    #####:  933:	    state->discardCount[nextPlayer]--;
        -:  934:	  }
        -:  935:			    
    #####:  936:	  shuffle(nextPlayer,state);//Shuffle the deck
call    0 never executed
        -:  937:	} 
    #####:  938:	tributeRevealedCards[0] = state->deck[nextPlayer][state->deckCount[nextPlayer]-1];
    #####:  939:	state->deck[nextPlayer][state->deckCount[nextPlayer]--] = -1;
    #####:  940:	state->deckCount[nextPlayer]--;
    #####:  941:	tributeRevealedCards[1] = state->deck[nextPlayer][state->deckCount[nextPlayer]-1];
    #####:  942:	state->deck[nextPlayer][state->deckCount[nextPlayer]--] = -1;
    #####:  943:	state->deckCount[nextPlayer]--;
        -:  944:      }    
        -:  945:		       
    #####:  946:      if (tributeRevealedCards[0] == tributeRevealedCards[1]){//If we have a duplicate card, just drop one 
branch  0 never executed
branch  1 never executed
    #####:  947:	state->playedCards[state->playedCardCount] = tributeRevealedCards[1];
    #####:  948:	state->playedCardCount++;
    #####:  949:	tributeRevealedCards[1] = -1;
        -:  950:      }
        -:  951:
    #####:  952:      for (i = 0; i <= 2; i ++){
branch  0 never executed
branch  1 never executed
    #####:  953:	if (tributeRevealedCards[i] == copper || tributeRevealedCards[i] == silver || tributeRevealedCards[i] == gold){//Treasure cards
branch  0 never executed
branch  1 never executed
branch  2 never executed
branch  3 never executed
branch  4 never executed
branch  5 never executed
    #####:  954:	  state->coins += 2;
        -:  955:	}
        -:  956:		    
    #####:  957:	else if (tributeRevealedCards[i] == estate || tributeRevealedCards[i] == duchy || tributeRevealedCards[i] == province || tributeRevealedCards[i] == gardens || tributeRevealedCards[i] == great_hall){//Victory Card Found
branch  0 never executed
branch  1 never executed
branch  2 never executed
branch  3 never executed
branch  4 never executed
branch  5 never executed
branch  6 never executed
branch  7 never executed
branch  8 never executed
branch  9 never executed
    #####:  958:	  drawCard(currentPlayer, state);
call    0 never executed
    #####:  959:	  drawCard(currentPlayer, state);
call    0 never executed
        -:  960:	}
        -:  961:	else{//Action Card
    #####:  962:	  state->numActions = state->numActions + 2;
        -:  963:	}
        -:  964:      }
        -:  965:	    
    #####:  966:      return 0;
        -:  967:		
        -:  968:    case ambassador:
    #####:  969:      j = 0;		//used to check if player has enough cards to discard
        -:  970:
    #####:  971:      if (choice2 > 2 || choice2 < 0)
branch  0 never executed
branch  1 never executed
branch  2 never executed
branch  3 never executed
        -:  972:	{
    #####:  973:	  return -1;				
        -:  974:	}
        -:  975:
    #####:  976:      if (choice1 == handPos)
branch  0 never executed
branch  1 never executed
        -:  977:	{
    #####:  978:	  return -1;
        -:  979:	}
        -:  980:
    #####:  981:      for (i = 0; i < state->handCount[currentPlayer]; i++)
branch  0 never executed
branch  1 never executed
        -:  982:	{
    #####:  983:	  if (i != handPos && i == state->hand[currentPlayer][choice1] && i != choice1)
branch  0 never executed
branch  1 never executed
branch  2 never executed
branch  3 never executed
branch  4 never executed
branch  5 never executed
        -:  984:	    {
    #####:  985:	      j++;
        -:  986:	    }
        -:  987:	}
    #####:  988:      if (j < choice2)
branch  0 never executed
branch  1 never executed
        -:  989:	{
    #####:  990:	  return -1;				
        -:  991:	}
        -:  992:
        -:  993:      if (DEBUG) 
        -:  994:	printf("Player %d reveals card number: %d\n", currentPlayer, state->hand[currentPlayer][choice1]);
        -:  995:
        -:  996:      //increase supply count for choosen card by amount being discarded
    #####:  997:      state->supplyCount[state->hand[currentPlayer][choice1]] += choice2;
        -:  998:			
        -:  999:      //each other player gains a copy of revealed card
    #####: 1000:      for (i = 0; i < state->numPlayers; i++)
branch  0 never executed
branch  1 never executed
        -: 1001:	{
    #####: 1002:	  if (i != currentPlayer)
branch  0 never executed
branch  1 never executed
        -: 1003:	    {
    #####: 1004:	      gainCard(state->hand[currentPlayer][choice1], state, 0, i);
call    0 never executed
        -: 1005:	    }
        -: 1006:	}
        -: 1007:
        -: 1008:      //discard played card from hand
    #####: 1009:      discardCard(handPos, currentPlayer, state, 0);			
call    0 never executed
        -: 1010:
        -: 1011:      //trash copies of cards returned to supply
    #####: 1012:      for (j = 0; j < choice2; j++)
branch  0 never executed
branch  1 never executed
        -: 1013:	{
    #####: 1014:	  for (i = 0; i < state->handCount[currentPlayer]; i++)
branch  0 never executed
branch  1 never executed
        -: 1015:	    {
    #####: 1016:	      if (state->hand[currentPlayer][i] == state->hand[currentPlayer][choice1])
branch  0 never executed
branch  1 never executed
        -: 1017:		{
    #####: 1018:		  discardCard(i, currentPlayer, state, 1);
call    0 never executed
    #####: 1019:		  break;
        -: 1020:		}
        -: 1021:	    }
        -: 1022:	}			
        -: 1023:
    #####: 1024:      return 0;
        -: 1025:		
        -: 1026:    case cutpurse:
        -: 1027:
    #####: 1028:      updateCoins(currentPlayer, state, 2);
call    0 never executed
    #####: 1029:      for (i = 0; i < state->numPlayers; i++)
branch  0 never executed
branch  1 never executed
        -: 1030:	{
    #####: 1031:	  if (i != currentPlayer)
branch  0 never executed
branch  1 never executed
        -: 1032:	    {
    #####: 1033:	      for (j = 0; j < state->handCount[i]; j++)
branch  0 never executed
branch  1 never executed
        -: 1034:		{
    #####: 1035:		  if (state->hand[i][j] == copper)
branch  0 never executed
branch  1 never executed
        -: 1036:		    {
    #####: 1037:		      discardCard(j, i, state, 0);
call    0 never executed
    #####: 1038:		      break;
        -: 1039:		    }
    #####: 1040:		  if (j == state->handCount[i])
branch  0 never executed
branch  1 never executed
        -: 1041:		    {
    #####: 1042:		      for (k = 0; k < state->handCount[i]; k++)
branch  0 never executed
branch  1 never executed
        -: 1043:			{
        -: 1044:			  if (DEBUG)
        -: 1045:			    printf("Player %d reveals card number %d\n", i, state->hand[i][k]);
        -: 1046:			}	
    #####: 1047:		      break;
        -: 1048:		    }		
        -: 1049:		}
        -: 1050:					
        -: 1051:	    }
        -: 1052:				
        -: 1053:	}				
        -: 1054:
        -: 1055:      //discard played card from hand
    #####: 1056:      discardCard(handPos, currentPlayer, state, 0);			
call    0 never executed
        -: 1057:
    #####: 1058:      return 0;
        -: 1059:
        -: 1060:		
        -: 1061:    case embargo: 
    #####: 1062:       return playEmbargoCard(state, handPos, choice1);
call    0 never executed
        -: 1063:    case outpost:
        -: 1064:      //set outpost flag
    #####: 1065:      state->outpostPlayed++;
        -: 1066:			
        -: 1067:      //discard card
    #####: 1068:      discardCard(handPos, currentPlayer, state, 0);
call    0 never executed
    #####: 1069:      return 0;
        -: 1070:		
        -: 1071:    case salvager:
        -: 1072:      //+1 buy
    #####: 1073:      state->numBuys++;
        -: 1074:			
    #####: 1075:      if (choice1)
branch  0 never executed
branch  1 never executed
        -: 1076:	{
        -: 1077:	  //gain coins equal to trashed card
    #####: 1078:	  state->coins = state->coins + getCost( handCard(choice1, state) );
call    0 never executed
call    1 never executed
        -: 1079:	  //trash card
    #####: 1080:	  discardCard(choice1, currentPlayer, state, 1);	
call    0 never executed
        -: 1081:	}
        -: 1082:			
        -: 1083:      //discard card
    #####: 1084:      discardCard(handPos, currentPlayer, state, 0);
call    0 never executed
    #####: 1085:      return 0;
        -: 1086:		
        -: 1087:    case sea_hag:
    #####: 1088:       return playSeaHagCard(state);
call    0 never executed
        -: 1089:    case treasure_map:
        -: 1090:      //search hand for another treasure_map
    #####: 1091:      index = -1;
    #####: 1092:      for (i = 0; i < state->handCount[currentPlayer]; i++)
branch  0 never executed
branch  1 never executed
        -: 1093:	{
    #####: 1094:	  if (state->hand[currentPlayer][i] == treasure_map && i != handPos)
branch  0 never executed
branch  1 never executed
branch  2 never executed
branch  3 never executed
        -: 1095:	    {
    #####: 1096:	      index = i;
    #####: 1097:	      break;
        -: 1098:	    }
        -: 1099:	}
    #####: 1100:      if (index > -1)
branch  0 never executed
branch  1 never executed
        -: 1101:	{
        -: 1102:	  //trash both treasure cards
    #####: 1103:	  discardCard(handPos, currentPlayer, state, 1);
call    0 never executed
    #####: 1104:	  discardCard(index, currentPlayer, state, 1);
call    0 never executed
        -: 1105:
        -: 1106:	  //gain 4 Gold cards
    #####: 1107:	  for (i = 0; i < 4; i++)
branch  0 never executed
branch  1 never executed
        -: 1108:	    {
    #####: 1109:	      gainCard(gold, state, 1, currentPlayer);
call    0 never executed
        -: 1110:	    }
        -: 1111:				
        -: 1112:	  //return success
    #####: 1113:	  return 1;
        -: 1114:	}
        -: 1115:			
        -: 1116:      //no second treasure_map found in hand
    #####: 1117:      return -1;
        -: 1118:    }
        -: 1119:	
    #####: 1120:  return -1;
        -: 1121:}
        -: 1122:
function discardCard called 5 returned 100% blocks executed 89%
        5: 1123:int discardCard(int handPos, int currentPlayer, struct gameState *state, int trashFlag)
        -: 1124:{
        -: 1125:	
        -: 1126:  //if card is not trashed, added to Played pile 
        5: 1127:  if (trashFlag < 1)
branch  0 taken 60% (fallthrough)
branch  1 taken 40%
        -: 1128:    {
        -: 1129:      //add card to played pile
        3: 1130:      state->playedCards[state->playedCardCount] = state->hand[currentPlayer][handPos]; 
        3: 1131:      state->playedCardCount++;
        -: 1132:    }
        -: 1133:	
        -: 1134:  //set played card to -1
        5: 1135:  state->hand[currentPlayer][handPos] = -1;
        -: 1136:	
        -: 1137:  //remove card from player's hand
        5: 1138:  if ( handPos == (state->handCount[currentPlayer] - 1) ) 	//last card in hand array is played
branch  0 taken 40% (fallthrough)
branch  1 taken 60%
        -: 1139:    {
        -: 1140:      //reduce number of cards in hand
        2: 1141:      state->handCount[currentPlayer]--;
        -: 1142:    }
        3: 1143:  else if ( state->handCount[currentPlayer] == 1 ) //only one card in hand
branch  0 taken 0% (fallthrough)
branch  1 taken 100%
        -: 1144:    {
        -: 1145:      //reduce number of cards in hand
    #####: 1146:      state->handCount[currentPlayer]--;
        -: 1147:    }
        -: 1148:  else 	
        -: 1149:    {
        -: 1150:      //replace discarded card with last card in hand
        3: 1151:      state->hand[currentPlayer][handPos] = state->hand[currentPlayer][ (state->handCount[currentPlayer] - 1)];
        -: 1152:      //set last card to -1
        3: 1153:      state->hand[currentPlayer][state->handCount[currentPlayer] - 1] = -1;
        -: 1154:      //reduce number of cards in hand
        3: 1155:      state->handCount[currentPlayer]--;
        -: 1156:    }
        -: 1157:	
        5: 1158:  return 0;
        -: 1159:}
        -: 1160:
function gainCard called 6 returned 100% blocks executed 100%
        6: 1161:int gainCard(int supplyPos, struct gameState *state, int toFlag, int player)
        -: 1162:{
        -: 1163:  //Note: supplyPos is enum of choosen card
        -: 1164:	
        -: 1165:  //check if supply pile is empty (0) or card is not used in game (-1)
        6: 1166:  if ( supplyCount(supplyPos, state) < 1 )
call    0 returned 100%
branch  1 taken 33% (fallthrough)
branch  2 taken 67%
        -: 1167:    {
        2: 1168:      return -1;
        -: 1169:    }
        -: 1170:	
        -: 1171:  //added card for [whoseTurn] current player:
        -: 1172:  // toFlag = 0 : add to discard
        -: 1173:  // toFlag = 1 : add to deck
        -: 1174:  // toFlag = 2 : add to hand
        -: 1175:
        4: 1176:  if (toFlag == 1)
branch  0 taken 25% (fallthrough)
branch  1 taken 75%
        -: 1177:    {
        1: 1178:      state->deck[ player ][ state->deckCount[player] ] = supplyPos;
        1: 1179:      state->deckCount[player]++;
        -: 1180:    }
        3: 1181:  else if (toFlag == 2)
branch  0 taken 33% (fallthrough)
branch  1 taken 67%
        -: 1182:    {
        1: 1183:      state->hand[ player ][ state->handCount[player] ] = supplyPos;
        1: 1184:      state->handCount[player]++;
        -: 1185:    }
        -: 1186:  else
        -: 1187:    {
        2: 1188:      state->discard[player][ state->discardCount[player] ] = supplyPos;
        2: 1189:      state->discardCount[player]++;
        -: 1190:    }
        -: 1191:	
        -: 1192:  //decrease number in supply pile
        4: 1193:  state->supplyCount[supplyPos]--;
        -: 1194:	 
        4: 1195:  return 0;
        -: 1196:}
        -: 1197:
function updateCoins called 21 returned 100% blocks executed 82%
       21: 1198:int updateCoins(int player, struct gameState *state, int bonus)
        -: 1199:{
        -: 1200:  int i;
        -: 1201:	
        -: 1202:  //reset coin count
       21: 1203:  state->coins = 0;
        -: 1204:
        -: 1205:  //add coins for each Treasure card in player's hand
      126: 1206:  for (i = 0; i < state->handCount[player]; i++)
branch  0 taken 83%
branch  1 taken 17% (fallthrough)
        -: 1207:    {
      105: 1208:      if (state->hand[player][i] == copper)
branch  0 taken 80% (fallthrough)
branch  1 taken 20%
        -: 1209:	{
       84: 1210:	  state->coins += 1;
        -: 1211:	}
       21: 1212:      else if (state->hand[player][i] == silver)
branch  0 taken 0% (fallthrough)
branch  1 taken 100%
        -: 1213:	{
    #####: 1214:	  state->coins += 2;
        -: 1215:	}
       21: 1216:      else if (state->hand[player][i] == gold)
branch  0 taken 0% (fallthrough)
branch  1 taken 100%
        -: 1217:	{
    #####: 1218:	  state->coins += 3;
        -: 1219:	}	
        -: 1220:    }	
        -: 1221:
        -: 1222:  //add bonus
       21: 1223:  state->coins += bonus;
        -: 1224:
       21: 1225:  return 0;
        -: 1226:}
        -: 1227:
        -: 1228:// Adding refactored card functions here
        -: 1229:
function playAdventurerCard called 2 returned 100% blocks executed 100%
        2: 1230:int playAdventurerCard(struct gameState* state)
        -: 1231:{
        2: 1232:   int drawntreasure = 0;
        2: 1233:   int currentPlayer = whoseTurn(state);
call    0 returned 100%
        -: 1234:   int cardDrawn;
        -: 1235:   int temphand[MAX_HAND];
        2: 1236:   int z = 0; // this is the counter for the temp hand
        -: 1237:
       13: 1238:   while(drawntreasure<=2)
branch  0 taken 82%
branch  1 taken 18% (fallthrough)
        -: 1239:   {
        -: 1240:      // if the deck is empty we need to shuffle discard and add to deck
        9: 1241:      if (state->deckCount[currentPlayer] <1)
branch  0 taken 11% (fallthrough)
branch  1 taken 89%
        -: 1242:      {
        1: 1243:         shuffle(currentPlayer, state);
call    0 returned 100%
        -: 1244:      }
        -: 1245:   
        9: 1246:      drawCard(currentPlayer, state);
call    0 returned 100%
        9: 1247:      cardDrawn = state->hand[currentPlayer][state->handCount[currentPlayer]-1];//top card of hand is most recently drawn card.
        -: 1248:   
        9: 1249:      if (cardDrawn == copper || cardDrawn == silver || cardDrawn == gold)
branch  0 taken 33% (fallthrough)
branch  1 taken 67%
branch  2 taken 100% (fallthrough)
branch  3 taken 0%
branch  4 taken 0% (fallthrough)
branch  5 taken 100%
        -: 1250:      {
        6: 1251:         drawntreasure++;
        -: 1252:      }
        -: 1253:      else
        -: 1254:      {
        3: 1255:         temphand[z]=cardDrawn;
        3: 1256:         state->handCount[currentPlayer]--; //this should just remove the top card (the most recently drawn one).
        3: 1257:         z++;
        -: 1258:      }
        -: 1259:   }
        -: 1260:   
        7: 1261:   while(z-1>=0)
branch  0 taken 60%
branch  1 taken 40% (fallthrough)
        -: 1262:   {
        3: 1263:      state->discard[currentPlayer][state->discardCount[currentPlayer]++]=temphand[z-1]; // discard all cards in play that have been drawn
        3: 1264:      z=z-1;
        -: 1265:   }
        2: 1266:   return 0;
        -: 1267:}
        -: 1268:
function playSmithyCard called 1 returned 100% blocks executed 100%
        1: 1269:int playSmithyCard(struct gameState* state, int handPos)
        -: 1270:{
        1: 1271:   int currentPlayer = whoseTurn(state);
call    0 returned 100%
        -: 1272:
        -: 1273:   //+3 Cards
        5: 1274:   for (int i = 0; i <= 3; i++)
branch  0 taken 80%
branch  1 taken 20% (fallthrough)
        -: 1275:   {
        4: 1276:      drawCard(currentPlayer, state);
call    0 returned 100%
        -: 1277:   }
        -: 1278:			
        -: 1279:   //discard card from hand
        1: 1280:   discardCard(handPos, currentPlayer, state, 0);
call    0 returned 100%
        1: 1281:   return 0;
        -: 1282:}
        -: 1283:
function playMinionCard called 0 returned 0% blocks executed 0%
    #####: 1284:int playMinionCard(struct gameState* state, int handPos, int choice1, int choice2)
        -: 1285:{
    #####: 1286:   int currentPlayer = whoseTurn(state);
call    0 never executed
        -: 1287:   
        -: 1288:   //+1 action
    #####: 1289:   state->numActions++;
        -: 1290:			
        -: 1291:   //discard card from hand
    #####: 1292:   discardCard(handPos, currentPlayer, state, 0);
call    0 never executed
        -: 1293:			
    #####: 1294:   if (choice1)		//+2 coins
branch  0 never executed
branch  1 never executed
        -: 1295:   {
    #####: 1296:      state->coins = state->coins + 2;
        -: 1297:   }
        -: 1298:			
    #####: 1299:   else if (choice2)		//discard hand, redraw 4, other players with 5+ cards discard hand and draw 4
branch  0 never executed
branch  1 never executed
        -: 1300:   {
        -: 1301:      //discard hand
    #####: 1302:      while(numHandCards(state) > 0)
call    0 never executed
branch  1 never executed
branch  2 never executed
        -: 1303:      {
    #####: 1304:         discardCard(handPos, currentPlayer, state, 0);
call    0 never executed
        -: 1305:      }
        -: 1306:				
        -: 1307:      //draw 4
    #####: 1308:      for (int i = 0; i <= 4; i++)
branch  0 never executed
branch  1 never executed
        -: 1309:      {
    #####: 1310:         drawCard(currentPlayer, state);
call    0 never executed
        -: 1311:      }
        -: 1312:				
        -: 1313:      //other players discard hand and redraw if hand size > 4
    #####: 1314:      for (int i = 0; i < state->numPlayers; i++)
branch  0 never executed
branch  1 never executed
        -: 1315:      {
    #####: 1316:         if (i != currentPlayer)
branch  0 never executed
branch  1 never executed
        -: 1317:         {
    #####: 1318:	    if ( state->handCount[i] > 4 )
branch  0 never executed
branch  1 never executed
        -: 1319:	    {
        -: 1320:	       //discard hand
    #####: 1321:	       while( state->handCount[i] > 0 )
branch  0 never executed
branch  1 never executed
        -: 1322:	       {
    #####: 1323:	          discardCard(handPos, i, state, 0);
call    0 never executed
        -: 1324:	       }
        -: 1325:							
        -: 1326:	       //draw 4
    #####: 1327:	       for (int j = 0; j < 4; j++)
branch  0 never executed
branch  1 never executed
        -: 1328:	       {
    #####: 1329:	          drawCard(i, state);
call    0 never executed
        -: 1330:	       }
        -: 1331:	    }
        -: 1332:	 }
        -: 1333:      }
        -: 1334:				
        -: 1335:   }
    #####: 1336:   return 0;
        -: 1337:}
        -: 1338:
function playEmbargoCard called 2 returned 100% blocks executed 100%
        2: 1339:int playEmbargoCard(struct gameState* state, int handPos, int choice1)
        -: 1340:{
        2: 1341:   int currentPlayer = whoseTurn(state);
call    0 returned 100%
        -: 1342:
        -: 1343:   //+2 Coins
        2: 1344:   state->coins = state->coins + 2;
        -: 1345:			
        -: 1346:   //see if selected pile is in play
        2: 1347:   if ( state->supplyCount[choice1] == -1 )
branch  0 taken 50% (fallthrough)
branch  1 taken 50%
        -: 1348:   {
        1: 1349:      return -1;
        -: 1350:   }
        -: 1351:			
        -: 1352:   //add embargo token to selected supply pile
        1: 1353:   state->embargoTokens[choice1]++;
        -: 1354:			
        -: 1355:   //trash card
        1: 1356:   discardCard(handPos, currentPlayer, state, 1);		
call    0 returned 100%
        1: 1357:   return 0;
        -: 1358:}
        -: 1359:
function playSeaHagCard called 1 returned 100% blocks executed 100%
        1: 1360:int playSeaHagCard(struct gameState* state)
        -: 1361:{
        1: 1362:   int currentPlayer = whoseTurn(state);
call    0 returned 100%
        -: 1363:
        4: 1364:   for (int i = 0; i <= state->numPlayers; i++)
branch  0 taken 75%
branch  1 taken 25% (fallthrough)
        -: 1365:   {
        3: 1366:      if (i != currentPlayer)
branch  0 taken 67% (fallthrough)
branch  1 taken 33%
        -: 1367:      {
        2: 1368:         state->discard[i][state->discardCount[i]] = state->deck[i][state->deckCount[i]--];
        2: 1369:         state->deckCount[i]--;
        2: 1370:	 state->discardCount[i]++;
        2: 1371:	 state->deck[i][state->deckCount[i]--] = curse;//Top card now a curse
        -: 1372:      }
        -: 1373:   }
        1: 1374:   return 0;
        -: 1375:}
        -: 1376:
        -: 1377://end of dominion.c
        -: 1378:
